2018-03-15 18:10:04.248 INFO  (main) [   ] o.e.j.s.Server jetty-9.3.20.v20170531
2018-03-15 18:10:04.475 INFO  (main) [   ] o.a.s.s.SolrDispatchFilter  ___      _       Welcome to Apache Solr™ version 7.2.0
2018-03-15 18:10:04.475 INFO  (main) [   ] o.a.s.s.SolrDispatchFilter / __| ___| |_ _   Starting in standalone mode on port 8983
2018-03-15 18:10:04.475 INFO  (main) [   ] o.a.s.s.SolrDispatchFilter \__ \/ _ \ | '_|  Install dir: /home/joshua/experiments/Search-Engine-for-Software/SOLR/solr-7.2.0
2018-03-15 18:10:04.483 INFO  (main) [   ] o.a.s.s.SolrDispatchFilter |___/\___/_|_|    Start time: 2018-03-15T18:10:04.476202Z
2018-03-15 18:10:04.484 INFO  (main) [   ] o.a.s.u.StartupLoggingUtils Property solr.log.muteconsole given. Muting ConsoleAppender named CONSOLE
2018-03-15 18:10:04.496 INFO  (main) [   ] o.a.s.c.SolrResourceLoader Using system property solr.solr.home: /home/joshua/experiments/Search-Engine-for-Software/SOLR/solr-7.2.0/server/solr
2018-03-15 18:10:04.502 INFO  (main) [   ] o.a.s.c.SolrXmlConfig Loading container configuration from /home/joshua/experiments/Search-Engine-for-Software/SOLR/solr-7.2.0/server/solr/solr.xml
2018-03-15 18:10:04.858 INFO  (main) [   ] o.a.s.c.CorePropertiesLocator Found 1 core definitions underneath /home/joshua/experiments/Search-Engine-for-Software/SOLR/solr-7.2.0/server/solr
2018-03-15 18:10:04.859 INFO  (main) [   ] o.a.s.c.CorePropertiesLocator Cores are: [nestedpackage]
2018-03-15 18:10:04.862 INFO  (coreLoadExecutor-6-thread-1) [   ] o.a.s.c.TransientSolrCoreCacheDefault Allocating transient cache for 2147483647 transient cores
2018-03-15 18:10:04.905 WARN  (coreLoadExecutor-6-thread-1) [   ] o.a.s.c.SolrConfig Couldn't add files from /home/joshua/experiments/Search-Engine-for-Software/SOLR/solr-7.2.0/contrib/ltr/lib filtered by .*\.jar to classpath: /home/joshua/experiments/Search-Engine-for-Software/SOLR/solr-7.2.0/contrib/ltr/lib
2018-03-15 18:10:04.907 INFO  (main) [   ] o.e.j.s.Server Started @6100ms
2018-03-15 18:10:04.910 INFO  (coreLoadExecutor-6-thread-1) [   ] o.a.s.c.SolrResourceLoader [nestedpackage] Added 54 libs to classloader, from paths: [/home/joshua/experiments/Search-Engine-for-Software/SOLR/solr-7.2.0/contrib/clustering/lib, /home/joshua/experiments/Search-Engine-for-Software/SOLR/solr-7.2.0/contrib/extraction/lib, /home/joshua/experiments/Search-Engine-for-Software/SOLR/solr-7.2.0/contrib/langid/lib, /home/joshua/experiments/Search-Engine-for-Software/SOLR/solr-7.2.0/contrib/velocity/lib, /home/joshua/experiments/Search-Engine-for-Software/SOLR/solr-7.2.0/dist]
2018-03-15 18:10:05.017 INFO  (coreLoadExecutor-6-thread-1) [   ] o.a.s.c.SolrConfig Using Lucene MatchVersion: 7.2.0
2018-03-15 18:10:05.127 INFO  (coreLoadExecutor-6-thread-1) [   ] o.a.s.s.IndexSchema [nestedpackage] Schema name=default-config
2018-03-15 18:10:05.476 INFO  (coreLoadExecutor-6-thread-1) [   ] o.a.s.s.IndexSchema Loaded schema default-config/1.6 with uniqueid field id
2018-03-15 18:10:05.505 INFO  (coreLoadExecutor-6-thread-1) [   ] o.a.s.c.CoreContainer Creating SolrCore 'nestedpackage' using configuration from instancedir /home/joshua/experiments/Search-Engine-for-Software/SOLR/solr-7.2.0/server/solr/nestedpackage, trusted=true
2018-03-15 18:10:05.525 INFO  (coreLoadExecutor-6-thread-1) [   ] o.a.s.c.SolrCore solr.RecoveryStrategy.Builder
2018-03-15 18:10:05.528 INFO  (coreLoadExecutor-6-thread-1) [   ] o.a.s.c.SolrCore [[nestedpackage] ] Opening new SolrCore at [/home/joshua/experiments/Search-Engine-for-Software/SOLR/solr-7.2.0/server/solr/nestedpackage], dataDir=[/home/joshua/experiments/Search-Engine-for-Software/SOLR/solr-7.2.0/server/solr/nestedpackage/data/]
2018-03-15 18:10:05.544 INFO  (coreLoadExecutor-6-thread-1) [   ] o.a.s.r.XSLTResponseWriter xsltCacheLifetimeSeconds=5
2018-03-15 18:10:05.716 INFO  (coreLoadExecutor-6-thread-1) [   ] o.a.s.u.UpdateHandler Using UpdateLog implementation: org.apache.solr.update.UpdateLog
2018-03-15 18:10:05.716 INFO  (coreLoadExecutor-6-thread-1) [   ] o.a.s.u.UpdateLog Initializing UpdateLog: dataDir= defaultSyncLevel=FLUSH numRecordsToKeep=100 maxNumLogsToKeep=10 numVersionBuckets=65536
2018-03-15 18:10:05.725 INFO  (coreLoadExecutor-6-thread-1) [   ] o.a.s.u.CommitTracker Hard AutoCommit: if uncommited for 15000ms; 
2018-03-15 18:10:05.725 INFO  (coreLoadExecutor-6-thread-1) [   ] o.a.s.u.CommitTracker Soft AutoCommit: disabled
2018-03-15 18:10:05.779 INFO  (coreLoadExecutor-6-thread-1) [   ] o.a.s.s.SolrIndexSearcher Opening [Searcher@1624478c[nestedpackage] main]
2018-03-15 18:10:05.785 INFO  (coreLoadExecutor-6-thread-1) [   ] o.a.s.r.ManagedResourceStorage File-based storage initialized to use dir: /home/joshua/experiments/Search-Engine-for-Software/SOLR/solr-7.2.0/server/solr/nestedpackage/conf
2018-03-15 18:10:05.790 INFO  (coreLoadExecutor-6-thread-1) [   ] o.a.s.r.RestManager Registered ManagedResource impl org.apache.solr.ltr.store.rest.ManagedFeatureStore for path /schema/feature-store
2018-03-15 18:10:05.790 INFO  (coreLoadExecutor-6-thread-1) [   ] o.a.s.r.ManagedResourceStorage Loaded LinkedHashMap at path _schema_feature-store.json using file:dir=/home/joshua/experiments/Search-Engine-for-Software/SOLR/solr-7.2.0/server/solr/nestedpackage/conf
2018-03-15 18:10:05.790 INFO  (coreLoadExecutor-6-thread-1) [   ] o.a.s.r.ManagedResource Loaded initArgs {} for /schema/feature-store
2018-03-15 18:10:05.790 INFO  (coreLoadExecutor-6-thread-1) [   ] o.a.s.l.s.r.ManagedFeatureStore ------ managed feature ~ loading ------
2018-03-15 18:10:05.790 INFO  (coreLoadExecutor-6-thread-1) [   ] o.a.s.l.s.r.ManagedFeatureStore register feature based on {name=tfidf_sim_a, class=org.apache.solr.ltr.feature.SolrFeature, params={q={!dismax qf=text_tfidf}${text_a}}, store=brew_formula_feature_store}
2018-03-15 18:10:05.796 INFO  (coreLoadExecutor-6-thread-1) [   ] o.a.s.l.s.r.ManagedFeatureStore register feature based on {name=tfidf_sim_b, class=org.apache.solr.ltr.feature.SolrFeature, params={q={!dismax qf=text_tfidf}${text_b}}, store=brew_formula_feature_store}
2018-03-15 18:10:05.796 INFO  (coreLoadExecutor-6-thread-1) [   ] o.a.s.l.s.r.ManagedFeatureStore register feature based on {name=bm25_sim_a, class=org.apache.solr.ltr.feature.SolrFeature, params={q={!dismax qf=text}${text_a}}, store=brew_formula_feature_store}
2018-03-15 18:10:05.796 INFO  (coreLoadExecutor-6-thread-1) [   ] o.a.s.l.s.r.ManagedFeatureStore register feature based on {name=bm25_sim_b, class=org.apache.solr.ltr.feature.SolrFeature, params={q={!dismax qf=text}${text_b}}, store=brew_formula_feature_store}
2018-03-15 18:10:05.796 INFO  (coreLoadExecutor-6-thread-1) [   ] o.a.s.l.s.r.ManagedFeatureStore register feature based on {name=max_sim, class=org.apache.solr.ltr.feature.SolrFeature, params={q={!dismax qf='text text_tfidf'}${text}}, store=brew_formula_feature_store}
2018-03-15 18:10:05.796 INFO  (coreLoadExecutor-6-thread-1) [   ] o.a.s.l.s.r.ManagedFeatureStore register feature based on {name=original_score, class=org.apache.solr.ltr.feature.OriginalScoreFeature, params=null, store=brew_formula_feature_store}
2018-03-15 18:10:05.797 INFO  (coreLoadExecutor-6-thread-1) [   ] o.a.s.r.ManagedResource Notified 1 observers of /schema/feature-store
2018-03-15 18:10:05.797 INFO  (coreLoadExecutor-6-thread-1) [   ] o.a.s.r.RestManager Registered new managed resource /schema/feature-store
2018-03-15 18:10:05.798 INFO  (coreLoadExecutor-6-thread-1) [   ] o.a.s.r.RestManager Registered ManagedResource impl org.apache.solr.ltr.store.rest.ManagedModelStore for path /schema/model-store
2018-03-15 18:10:05.799 INFO  (coreLoadExecutor-6-thread-1) [   ] o.a.s.r.ManagedResourceStorage Loaded LinkedHashMap at path _schema_model-store.json using file:dir=/home/joshua/experiments/Search-Engine-for-Software/SOLR/solr-7.2.0/server/solr/nestedpackage/conf
2018-03-15 18:10:05.799 INFO  (coreLoadExecutor-6-thread-1) [   ] o.a.s.r.ManagedResource Loaded initArgs {} for /schema/model-store
2018-03-15 18:10:05.799 INFO  (coreLoadExecutor-6-thread-1) [   ] o.a.s.l.s.r.ManagedModelStore INIT model store
2018-03-15 18:10:05.799 INFO  (coreLoadExecutor-6-thread-1) [   ] o.a.s.l.s.r.ManagedModelStore ------ managed models ~ loading ------
2018-03-15 18:10:05.803 INFO  (coreLoadExecutor-6-thread-1) [   ] o.a.s.l.s.r.ManagedModelStore adding model brew_formula_model
2018-03-15 18:10:05.803 INFO  (coreLoadExecutor-6-thread-1) [   ] o.a.s.r.ManagedResource Notified 1 observers of /schema/model-store
2018-03-15 18:10:05.803 INFO  (coreLoadExecutor-6-thread-1) [   ] o.a.s.r.RestManager Registered new managed resource /schema/model-store
2018-03-15 18:10:05.806 INFO  (coreLoadExecutor-6-thread-1) [   ] o.a.s.h.c.SpellCheckComponent Initializing spell checkers
2018-03-15 18:10:05.810 INFO  (coreLoadExecutor-6-thread-1) [   ] o.a.s.s.DirectSolrSpellChecker init: {name=default,field=_text_,classname=solr.DirectSolrSpellChecker,distanceMeasure=internal,accuracy=0.5,maxEdits=2,minPrefix=1,maxInspections=5,minQueryLength=4,maxQueryFrequency=0.01}
2018-03-15 18:10:05.815 INFO  (coreLoadExecutor-6-thread-1) [   ] o.a.s.h.ReplicationHandler Commits will be reserved for 10000ms.
2018-03-15 18:10:05.846 INFO  (searcherExecutor-7-thread-1) [   ] o.a.s.c.QuerySenderListener QuerySenderListener sending requests to Searcher@1624478c[nestedpackage] main{ExitableDirectoryReader(UninvertingDirectoryReader(Uninverting(_0(7.2.0):C4476)))}
2018-03-15 18:10:05.847 INFO  (searcherExecutor-7-thread-1) [   ] o.a.s.c.QuerySenderListener QuerySenderListener done.
2018-03-15 18:10:05.847 INFO  (searcherExecutor-7-thread-1) [   ] o.a.s.h.c.SpellCheckComponent Loading spell index for spellchecker: default
2018-03-15 18:10:05.850 INFO  (searcherExecutor-7-thread-1) [   ] o.a.s.c.SolrCore [nestedpackage] Registered new searcher Searcher@1624478c[nestedpackage] main{ExitableDirectoryReader(UninvertingDirectoryReader(Uninverting(_0(7.2.0):C4476)))}
2018-03-15 18:14:49.689 INFO  (qtp1069716895-77) [   ] o.a.s.c.S.Request [nestedpackage]  webapp=/solr path=/query params={q=python+interface&fl=id,score,[features]&rq={!ltr+model%3Dbrew_formula_model+efi.text_a%3Dpython+efi.text_b%3Dinterface+efi.text%3D'python+interface'}} hits=0 status=0 QTime=30
2018-03-15 18:15:21.703 INFO  (qtp1069716895-40) [   ] o.a.s.c.S.Request [nestedpackage]  webapp=/solr path=/select params={q=python+interface&fl=score,+[features]&_=1521128469345} hits=0 status=0 QTime=3
2018-03-15 18:15:47.908 INFO  (qtp1069716895-47) [   ] o.a.s.c.S.Request [nestedpackage]  webapp=/solr path=/query params={q=desc:python+interface&fl=id,score,[features]&rq={!ltr+model%3Dbrew_formula_model+efi.text_a%3Dpython+efi.text_b%3Dinterface+efi.text%3D'python+interface'}} hits=46 status=0 QTime=52
